{"numFailedTestSuites":0,"numFailedTests":0,"numPassedTestSuites":1,"numPassedTests":6,"numPendingTestSuites":0,"numPendingTests":0,"numRuntimeErrorTestSuites":0,"numTodoTests":0,"numTotalTestSuites":1,"numTotalTests":6,"openHandles":[],"snapshot":{"added":0,"didUpdate":false,"failure":false,"filesAdded":0,"filesRemoved":0,"filesRemovedList":[],"filesUnmatched":0,"filesUpdated":0,"matched":0,"total":0,"unchecked":0,"uncheckedKeysByFile":[],"unmatched":0,"updated":0},"startTime":1779097611150,"success":true,"testResults":[{"assertionResults":[{"ancestorTitles":["Stage-2 generation reliability"],"duration":2,"failing":false,"failureDetails":[],"failureMessages":[],"fullName":"Stage-2 generation reliability resolves only image-capable Stage-2 models","invocations":1,"location":null,"numPassingAsserts":2,"retryReasons":[],"startAt":1779097616878,"status":"passed","title":"resolves only image-capable Stage-2 models"},{"ancestorTitles":["Stage-2 generation reliability"],"duration":93,"failing":false,"failureDetails":[],"failureMessages":[],"fullName":"Stage-2 generation reliability raises Stage2GenerationNoImageError when inline image is missing","invocations":1,"location":null,"numPassingAsserts":1,"retryReasons":[],"startAt":1779097616882,"status":"passed","title":"raises Stage2GenerationNoImageError when inline image is missing"},{"ancestorTitles":["Stage-2 generation reliability"],"duration":48,"failing":false,"failureDetails":[],"failureMessages":[],"fullName":"Stage-2 generation reliability retries with fresh candidate path and never collapses to baseline","invocations":1,"location":null,"numPassingAsserts":4,"retryReasons":[],"startAt":1779097616975,"status":"passed","title":"retries with fresh candidate path and never collapses to baseline"},{"ancestorTitles":["Stage-2 generation reliability"],"duration":9,"failing":false,"failureDetails":[],"failureMessages":[],"fullName":"Stage-2 generation reliability fails fast when candidate path collapses to baseline path","invocations":1,"location":null,"numPassingAsserts":1,"retryReasons":[],"startAt":1779097617023,"status":"passed","title":"fails fast when candidate path collapses to baseline path"},{"ancestorTitles":["Stage-2 generation reliability"],"duration":26,"failing":false,"failureDetails":[],"failureMessages":[],"fullName":"Stage-2 generation reliability uses compressed secondary reference payload ordering without target duplication","invocations":1,"location":null,"numPassingAsserts":11,"retryReasons":[],"startAt":1779097617033,"status":"passed","title":"uses compressed secondary reference payload ordering without target duplication"},{"ancestorTitles":["Stage-2 generation reliability"],"duration":172,"failing":false,"failureDetails":[],"failureMessages":[],"fullName":"Stage-2 generation reliability keeps grouped secondary payload shape stable across repeated runs","invocations":1,"location":null,"numPassingAsserts":48,"retryReasons":[],"startAt":1779097617059,"status":"passed","title":"keeps grouped secondary payload shape stable across repeated runs"}],"endTime":1779097617236,"message":"","name":"/workspaces/RealEnhance-v2/worker/tests/stage2GenerationReliability.test.ts","startTime":1779097611528,"status":"passed","summary":""}],"wasInterrupted":false}
